# JRE version: OpenJDK Runtime Environment (21.0.6) (build 21.0.6+-13368085-b895.109)
# Java VM: OpenJDK 64-Bit Server VM (21.0.6+-13368085-b895.109, mixed mode, tiered, compressed oops, compressed class ptrs, g1 gc, windows-amd64)
GC Precious Log:
 CardTable entry size: 512
 Card Set container configuration: InlinePtr #cards 5 size 8 Array Of Cards #cards 12 size 40 Howl #buckets 4 coarsen threshold 1843 Howl Bitmap #cards 512 size 80 coarsen threshold 460 Card regions per heap region 1 cards per card region 2048
 CPUs: 12 total, 12 available
 Memory: 7439M
 Large Page Support: Disabled
 NUMA Support: Disabled
 Compressed Oops: Enabled (32-bit)
 Heap Region Size: 1M
 Heap Min Capacity: 8M
 Heap Initial Capacity: 118M
 Heap Max Capacity: 2G
 Pre-touch: Disabled
 Parallel Workers: 10
 Concurrent Workers: 3
 Concurrent Refinement Workers: 10
 Periodic GC: Disabled
Heap:
 garbage-first heap   total 176128K, used 89351K [0x0000000080000000, 0x0000000100000000)
  region size 1024K, 1 young (1024K), 1 survivors (1024K)
 Metaspace       used 79174K, committed 81088K, reserved 1179648K
  class space    used 11147K, committed 12096K, reserved 1048576K
GC Heap History (20 events):
Event: 6.877 GC heap after
{Heap after GC invocations=23 (full 0):
 garbage-first heap   total 130048K, used 80221K [0x0000000080000000, 0x0000000100000000)
  region size 1024K, 5 young (5120K), 5 survivors (5120K)
 Metaspace       used 70971K, committed 72832K, reserved 1114112K
  class space    used 9714K, committed 10624K, reserved 1048576K
}
Event: 7.402 GC heap before
{Heap before GC invocations=23 (full 0):
 garbage-first heap   total 130048K, used 115037K [0x0000000080000000, 0x0000000100000000)
  region size 1024K, 40 young (40960K), 5 survivors (5120K)
 Metaspace       used 72779K, committed 74688K, reserved 1114112K
  class space    used 9921K, committed 10880K, reserved 1048576K
}
Event: 7.407 GC heap after
{Heap after GC invocations=24 (full 0):
 garbage-first heap   total 130048K, used 84409K [0x0000000080000000, 0x0000000100000000)
  region size 1024K, 5 young (5120K), 5 survivors (5120K)
 Metaspace       used 72779K, committed 74688K, reserved 1114112K
  class space    used 9921K, committed 10880K, reserved 1048576K
}
Event: 7.520 GC heap before
{Heap before GC invocations=25 (full 0):
 garbage-first heap   total 142336K, used 115129K [0x0000000080000000, 0x0000000100000000)
  region size 1024K, 36 young (36864K), 5 survivors (5120K)
 Metaspace       used 73007K, committed 74944K, reserved 1114112K
  class space    used 9922K, committed 10880K, reserved 1048576K
}
Event: 7.523 GC heap after
{Heap after GC invocations=26 (full 0):
 garbage-first heap   total 142336K, used 87043K [0x0000000080000000, 0x0000000100000000)
  region size 1024K, 4 young (4096K), 4 survivors (4096K)
 Metaspace       used 73007K, committed 74944K, reserved 1114112K
  class space    used 9922K, committed 10880K, reserved 1048576K
}
Event: 7.622 GC heap before
{Heap before GC invocations=26 (full 0):
 garbage-first heap   total 142336K, used 128003K [0x0000000080000000, 0x0000000100000000)
  region size 1024K, 45 young (46080K), 4 survivors (4096K)
 Metaspace       used 73165K, committed 75072K, reserved 1114112K
  class space    used 9922K, committed 10880K, reserved 1048576K
}
Event: 7.626 GC heap after
{Heap after GC invocations=27 (full 0):
 garbage-first heap   total 142336K, used 87843K [0x0000000080000000, 0x0000000100000000)
  region size 1024K, 5 young (5120K), 5 survivors (5120K)
 Metaspace       used 73165K, committed 75072K, reserved 1114112K
  class space    used 9922K, committed 10880K, reserved 1048576K
}
Event: 8.739 GC heap before
{Heap before GC invocations=27 (full 0):
 garbage-first heap   total 142336K, used 126755K [0x0000000080000000, 0x0000000100000000)
  region size 1024K, 44 young (45056K), 5 survivors (5120K)
 Metaspace       used 73182K, committed 75072K, reserved 1114112K
  class space    used 9922K, committed 10880K, reserved 1048576K
}
Event: 10.743 GC heap after
{Heap after GC invocations=28 (full 0):
 garbage-first heap   total 176128K, used 89018K [0x0000000080000000, 0x0000000100000000)
  region size 1024K, 5 young (5120K), 5 survivors (5120K)
 Metaspace       used 73182K, committed 75072K, reserved 1114112K
  class space    used 9922K, committed 10880K, reserved 1048576K
}
Event: 10.795 GC heap before
{Heap before GC invocations=29 (full 0):
 garbage-first heap   total 176128K, used 92090K [0x0000000080000000, 0x0000000100000000)
  region size 1024K, 8 young (8192K), 5 survivors (5120K)
 Metaspace       used 73282K, committed 75136K, reserved 1114112K
  class space    used 9939K, committed 10880K, reserved 1048576K
}
Event: 10.797 GC heap after
{Heap after GC invocations=30 (full 0):
 garbage-first heap   total 176128K, used 89683K [0x0000000080000000, 0x0000000100000000)
  region size 1024K, 1 young (1024K), 1 survivors (1024K)
 Metaspace       used 73282K, committed 75136K, reserved 1114112K
  class space    used 9939K, committed 10880K, reserved 1048576K
}
Event: 10.892 GC heap before
{Heap before GC invocations=30 (full 0):
 garbage-first heap   total 176128K, used 96851K [0x0000000080000000, 0x0000000100000000)
  region size 1024K, 8 young (8192K), 1 survivors (1024K)
 Metaspace       used 73766K, committed 75584K, reserved 1114112K
  class space    used 10019K, committed 10944K, reserved 1048576K
}
Event: 10.894 GC heap after
{Heap after GC invocations=31 (full 0):
 garbage-first heap   total 176128K, used 89411K [0x0000000080000000, 0x0000000100000000)
  region size 1024K, 1 young (1024K), 1 survivors (1024K)
 Metaspace       used 73766K, committed 75584K, reserved 1114112K
  class space    used 10019K, committed 10944K, reserved 1048576K
}
Event: 11.001 GC heap before
{Heap before GC invocations=31 (full 0):
 garbage-first heap   total 176128K, used 95555K [0x0000000080000000, 0x0000000100000000)
  region size 1024K, 8 young (8192K), 1 survivors (1024K)
 Metaspace       used 75125K, committed 76992K, reserved 1179648K
  class space    used 10208K, committed 11136K, reserved 1048576K
}
Event: 11.004 GC heap after
{Heap after GC invocations=32 (full 0):
 garbage-first heap   total 176128K, used 89165K [0x0000000080000000, 0x0000000100000000)
  region size 1024K, 1 young (1024K), 1 survivors (1024K)
 Metaspace       used 75125K, committed 76992K, reserved 1179648K
  class space    used 10208K, committed 11136K, reserved 1048576K
}
Event: 13.116 GC heap before
{Heap before GC invocations=32 (full 0):
 garbage-first heap   total 176128K, used 96333K [0x0000000080000000, 0x0000000100000000)
  region size 1024K, 8 young (8192K), 1 survivors (1024K)
 Metaspace       used 77147K, committed 78976K, reserved 1179648K
  class space    used 10878K, committed 11776K, reserved 1048576K
}
Event: 13.119 GC heap after
{Heap after GC invocations=33 (full 0):
 garbage-first heap   total 176128K, used 88895K [0x0000000080000000, 0x0000000100000000)
  region size 1024K, 1 young (1024K), 1 survivors (1024K)
 Metaspace       used 77147K, committed 78976K, reserved 1179648K
  class space    used 10878K, committed 11776K, reserved 1048576K
}
Event: 13.209 GC heap before
{Heap before GC invocations=33 (full 0):
 garbage-first heap   total 176128K, used 96063K [0x0000000080000000, 0x0000000100000000)
  region size 1024K, 8 young (8192K), 1 survivors (1024K)
 Metaspace       used 78178K, committed 80000K, reserved 1179648K
  class space    used 10997K, committed 11904K, reserved 1048576K
}
Event: 13.212 GC heap after
{Heap after GC invocations=34 (full 0):
 garbage-first heap   total 176128K, used 89044K [0x0000000080000000, 0x0000000100000000)
  region size 1024K, 1 young (1024K), 1 survivors (1024K)
 Metaspace       used 78178K, committed 80000K, reserved 1179648K
  class space    used 10997K, committed 11904K, reserved 1048576K
}
Event: 13.347 GC heap before
{Heap before GC invocations=34 (full 0):
 garbage-first heap   total 176128K, used 95188K [0x0000000080000000, 0x0000000100000000)
  region size 1024K, 8 young (8192K), 1 survivors (1024K)
 Metaspace       used 79174K, committed 81088K, reserved 1179648K
  class space    used 11147K, committed 12096K, reserved 1048576K
}

